[2022-09-17T17:16:51.825428+00:00] blog.ERROR: User already exists: ivan5 {"exception":"[object] (GeekBrains\\LevelTwo\\Blog\\Exceptions\\CommandException(code: 0): User already exists: ivan5 at C:\\PHP2-lessons\\lesson6\\src\\Blog\\Commands\\CreateUserCommand.php:42)"} []
[2022-09-17T17:23:59.438825+00:00] blog.ERROR: User already exists: ivan5 {"exception":"[object] (GeekBrains\\LevelTwo\\Blog\\Exceptions\\CommandException(code: 0): User already exists: ivan5 at C:\\PHP2-lessons\\lesson6\\src\\Blog\\Commands\\CreateUserCommand.php:42)"} []
[2022-09-17T18:25:01.727099+00:00] blog.ERROR: User already exists: ivan5 {"exception":"[object] (GeekBrains\\LevelTwo\\Blog\\Exceptions\\CommandException(code: 0): User already exists: ivan5 at C:\\PHP2-lessons\\lesson6\\src\\Blog\\Commands\\CreateUserCommand.php:44)"} []
[2022-09-18T06:20:05.522593+00:00] blog.ERROR: No such field: username {"exception":"[object] (GeekBrains\\LevelTwo\\Blog\\Exceptions\\AuthException(code: 0): No such field: username at C:\\PHP2-lessons\\lesson6\\src\\Http\\Auth\\JsonBodyUsernameIdentification.php:34)"} []
[2022-09-19T10:53:53.262708+00:00] blog.ERROR: No such field: username {"exception":"[object] (GeekBrains\\LevelTwo\\Blog\\Exceptions\\AuthException(code: 0): No such field: username at C:\\PHP2-lessons\\lesson6\\src\\Http\\Auth\\JsonBodyUsernameIdentification.php:34)"} []
[2022-09-19T10:55:08.173025+00:00] blog.ERROR: No such field: username {"exception":"[object] (GeekBrains\\LevelTwo\\Blog\\Exceptions\\AuthException(code: 0): No such field: username at C:\\PHP2-lessons\\lesson6\\src\\Http\\Auth\\JsonBodyUsernameIdentification.php:34)"} []
[2022-09-19T11:21:15.428342+00:00] blog.ERROR: Cannot find user: konstantin {"exception":"[object] (GeekBrains\\LevelTwo\\Blog\\Exceptions\\AuthException(code: 0): Cannot find user: konstantin at C:\\PHP2-lessons\\lesson6\\src\\Http\\Auth\\JsonBodyUsernameIdentification.php:42)"} []
[2022-09-19T11:22:11.712229+00:00] blog.ERROR: Cannot find user: konstantin {"exception":"[object] (GeekBrains\\LevelTwo\\Blog\\Exceptions\\AuthException(code: 0): Cannot find user: konstantin at C:\\PHP2-lessons\\lesson6\\src\\Http\\Auth\\JsonBodyUsernameIdentification.php:42)"} []
[2022-09-19T11:35:37.147112+00:00] blog.ERROR: No such field: username {"exception":"[object] (GeekBrains\\LevelTwo\\Blog\\Exceptions\\AuthException(code: 0): No such field: username at C:\\PHP2-lessons\\lesson6\\src\\Http\\Auth\\JsonBodyUsernameIdentification.php:34)"} []
[2022-09-19T11:37:05.378983+00:00] blog.ERROR: No such field: username {"exception":"[object] (GeekBrains\\LevelTwo\\Blog\\Exceptions\\AuthException(code: 0): No such field: username at C:\\PHP2-lessons\\lesson6\\src\\Http\\Auth\\JsonBodyUsernameIdentification.php:34)"} []
[2022-09-19T11:37:08.839562+00:00] blog.ERROR: No such field: username {"exception":"[object] (GeekBrains\\LevelTwo\\Blog\\Exceptions\\AuthException(code: 0): No such field: username at C:\\PHP2-lessons\\lesson6\\src\\Http\\Auth\\JsonBodyUsernameIdentification.php:34)"} []
[2022-09-19T11:37:18.963507+00:00] blog.ERROR: No such field: username {"exception":"[object] (GeekBrains\\LevelTwo\\Blog\\Exceptions\\AuthException(code: 0): No such field: username at C:\\PHP2-lessons\\lesson6\\src\\Http\\Auth\\JsonBodyUsernameIdentification.php:34)"} []
[2022-09-19T14:07:16.029915+00:00] blog.ERROR: No such field: username {"exception":"[object] (GeekBrains\\LevelTwo\\Blog\\Exceptions\\AuthException(code: 0): No such field: username at C:\\PHP2-lessons\\lesson6\\src\\Http\\Auth\\JsonBodyUsernameIdentification.php:34)"} []
[2022-09-19T17:54:34.821401+00:00] blog.ERROR: Malformed UUID: dc11e0d0-f4a4-41fd-a1ff-45a293f0060d8u {"exception":"[object] (GeekBrains\\LevelTwo\\Blog\\Exceptions\\InvalidArgumentException(code: 0): Malformed UUID: dc11e0d0-f4a4-41fd-a1ff-45a293f0060d8u at C:\\PHP2-lessons\\lesson6\\src\\Blog\\UUID.php:16)"} []
[2022-09-19T18:23:29.184042+00:00] blog.ERROR: Malformed UUID: ce30a3f4-f14a-490f-91dd1f-a29af6202e73 {"exception":"[object] (GeekBrains\\LevelTwo\\Blog\\Exceptions\\InvalidArgumentException(code: 0): Malformed UUID: ce30a3f4-f14a-490f-91dd1f-a29af6202e73 at C:\\PHP2-lessons\\lesson6\\src\\Blog\\UUID.php:16)"} []
[2022-09-20T07:57:00.062623+00:00] blog.ERROR: No such argument: last_name {"exception":"[object] (GeekBrains\\LevelTwo\\Blog\\Exceptions\\ArgumentsException(code: 0): No such argument: last_name at C:\\PHP2-lessons\\lesson6\\src\\Blog\\Commands\\Arguments.php:43)"} []
[2022-09-20T10:28:29.556868+00:00] blog.ERROR: User already exists: user4 {"exception":"[object] (GeekBrains\\LevelTwo\\Blog\\Exceptions\\CommandException(code: 0): User already exists: user4 at C:\\PHP2-lessons\\lesson6\\src\\Blog\\Commands\\CreateUserCommand.php:41)"} []
[2022-09-22T09:56:27.451845+00:00] blog.ERROR: Malformed UUID: ce30a3f4-f14a-490f-91dd1f-a29af6202e73 {"exception":"[object] (GeekBrains\\LevelTwo\\Blog\\Exceptions\\InvalidArgumentException(code: 0): Malformed UUID: ce30a3f4-f14a-490f-91dd1f-a29af6202e73 at C:\\PHP2-lessons\\lesson6\\src\\Blog\\UUID.php:16)"} []
[2022-09-22T10:47:22.457217+00:00] blog.ERROR: Malformed UUID: 0f30c767-5fee-4dff-8719-86283b55178 {"exception":"[object] (GeekBrains\\LevelTwo\\Blog\\Exceptions\\InvalidArgumentException(code: 0): Malformed UUID: 0f30c767-5fee-4dff-8719-86283b55178 at C:\\PHP2-lessons\\lesson6\\src\\Blog\\UUID.php:16)"} []
[2022-09-22T10:47:31.202108+00:00] blog.ERROR: Malformed UUID: 0f30c767-5fee-4dff-8719-86283b55178 {"exception":"[object] (GeekBrains\\LevelTwo\\Blog\\Exceptions\\InvalidArgumentException(code: 0): Malformed UUID: 0f30c767-5fee-4dff-8719-86283b55178 at C:\\PHP2-lessons\\lesson6\\src\\Blog\\UUID.php:16)"} []
[2022-09-22T15:24:31.351017+00:00] blog.ERROR: Malformed UUID: Юзер 098b83d9-fb21-42e0-9476-a527d9a2e567 с именем Ivan Baraban и логином user5.  {"exception":"[object] (GeekBrains\\LevelTwo\\Blog\\Exceptions\\InvalidArgumentException(code: 0): Malformed UUID: Юзер 098b83d9-fb21-42e0-9476-a527d9a2e567 с именем Ivan Baraban и логином user5.\r\n at C:\\PHP2-lessons\\lesson6\\src\\Blog\\UUID.php:16)"} []
[2022-09-22T15:29:17.411835+00:00] blog.ERROR: Malformed UUID: 3787f63d-c9ef8-48f3-af13-5139b9f392d3 {"exception":"[object] (GeekBrains\\LevelTwo\\Blog\\Exceptions\\InvalidArgumentException(code: 0): Malformed UUID: 3787f63d-c9ef8-48f3-af13-5139b9f392d3 at C:\\PHP2-lessons\\lesson6\\src\\Blog\\UUID.php:16)"} []
[2022-09-22T15:42:33.991717+00:00] blog.ERROR: Malformed UUID: 58afaba5a-1d24-4dfe-a552-ec1f8d366b34 {"exception":"[object] (GeekBrains\\LevelTwo\\Blog\\Exceptions\\InvalidArgumentException(code: 0): Malformed UUID: 58afaba5a-1d24-4dfe-a552-ec1f8d366b34 at C:\\PHP2-lessons\\lesson6\\src\\Blog\\UUID.php:16)"} []
